('Keyword', 'int')
('id', 'a')
('OP', ';')
('Keyword', 'int')
('id', 'b')
('Keyword', 'int')
('id', 'c')
('OP', ';')
('id', 'a')
('OP', '=')
('digits', '2')
('OP', ';')
('id', 'b')
('OP', '=')
('digits', '1')
('OP', ';')
('Keyword', 'if')
('OP', '(')
('id', 'a')
('OP', '>')
('id', 'b')
('OP', ')')
('id', 'c')
('digits', '1')
('OP', '=')
('id', 'a')
('OP', '+')
('id', 'b')
('OP', ';')
('Keyword', 'else')
('id', 'c')
('digits', '2')
('OP', '=')
('id', 'a')
('digits', '3')
('OP', '-')
('OP', ';')
('id', 'b')
