0 : {'P': [1], 'D': [2], 'L': [3], 'int': [4], 'float': [5]}
1 : {'$': ['ACCEPT', 'r0']}
4 : {'id': ['r4']}
5 : {'id': ['r5']}
2 : {'S': [6], 'id': [7], 'if': [8], 'while': [9]}
6 : {'$': ['r1'], 'S': [11], 'id': [7], 'if': [8], 'while': [9]}
3 : {'id': [10]}
11 : {'else': ['r10'], ';': ['r10'], '$': ['r10'], 'S': [11], 'id': [7], 'if': [8], 'while': [9]}
7 : {'=': [12]}
8 : {'(': [13]}
9 : {'(': [14]}
10 : {';': [15]}
12 : {'E': [16], 'T': [17], 'F': [18], '(': [19], 'id': [20], 'digits': [21]}
17 : {'==': ['r16'], '>': ['r16'], '<': ['r16'], '+': ['r16'], '-': ['r16'], ';': ['r16'], ')': ['r16'], '*': [29], '/': [30]}
18 : {'==': ['r17'], '>': ['r17'], '<': ['r17'], '+': ['r17'], '-': ['r17'], '*': ['r17'], '/': ['r17'], ';': ['r17'], ')': ['r17']}
20 : {'==': ['r21'], '>': ['r21'], '<': ['r21'], '+': ['r21'], '-': ['r21'], '*': ['r21'], '/': ['r21'], ';': ['r21'], ')': ['r21']}
21 : {'==': ['r22'], '>': ['r22'], '<': ['r22'], '+': ['r22'], '-': ['r22'], '*': ['r22'], '/': ['r22'], ';': ['r22'], ')': ['r22']}
13 : {'C': [22], 'E': [23], 'T': [17], 'F': [18], '(': [19], 'id': [20], 'digits': [21]}
14 : {'C': [24], 'E': [23], 'T': [17], 'F': [18], '(': [19], 'id': [20], 'digits': [21]}
15 : {'if': ['r2'], 'while': ['r2'], 'id': ['r2'], 'D': [25], 'L': [3], 'int': [4], 'float': [5]}
25 : {'if': ['r3'], 'while': ['r3'], 'id': ['r3']}
16 : {';': [26], '+': [27], '-': [28]}
26 : {'else': ['r6'], ';': ['r6'], '$': ['r6']}
19 : {'E': [31], 'T': [17], 'F': [18], '(': [19], 'id': [20], 'digits': [21]}
22 : {')': [32]}
23 : {'>': [33], '<': [34], '==': [35], '+': [27], '-': [28]}
24 : {')': [36]}
27 : {'T': [37], 'F': [18], '(': [19], 'id': [20], 'digits': [21]}
37 : {'==': ['r14'], '>': ['r14'], '<': ['r14'], '+': ['r14'], '-': ['r14'], ';': ['r14'], ')': ['r14'], '*': [29], '/': [30]}
28 : {'T': [38], 'F': [18], '(': [19], 'id': [20], 'digits': [21]}
38 : {'==': ['r15'], '>': ['r15'], '<': ['r15'], '+': ['r15'], '-': ['r15'], ';': ['r15'], ')': ['r15'], '*': [29], '/': [30]}
29 : {'F': [39], '(': [19], 'id': [20], 'digits': [21]}
39 : {'==': ['r18'], '>': ['r18'], '<': ['r18'], '+': ['r18'], '-': ['r18'], '*': ['r18'], '/': ['r18'], ';': ['r18'], ')': ['r18']}
30 : {'F': [40], '(': [19], 'id': [20], 'digits': [21]}
40 : {'==': ['r19'], '>': ['r19'], '<': ['r19'], '+': ['r19'], '-': ['r19'], '*': ['r19'], '/': ['r19'], ';': ['r19'], ')': ['r19']}
31 : {')': [41], '+': [27], '-': [28]}
41 : {'==': ['r20'], '>': ['r20'], '<': ['r20'], '+': ['r20'], '-': ['r20'], '*': ['r20'], '/': ['r20'], ';': ['r20'], ')': ['r20']}
32 : {'S': [42], 'id': [7], 'if': [8], 'while': [9]}
42 : {'else': ['r7', 47], ';': ['r7'], '$': ['r7'], 'S': [11], 'id': [7], 'if': [8], 'while': [9]}
33 : {'E': [43], 'T': [17], 'F': [18], '(': [19], 'id': [20], 'digits': [21]}
43 : {')': ['r11'], '+': [27], '-': [28]}
34 : {'E': [44], 'T': [17], 'F': [18], '(': [19], 'id': [20], 'digits': [21]}
44 : {')': ['r12'], '+': [27], '-': [28]}
35 : {'E': [45], 'T': [17], 'F': [18], '(': [19], 'id': [20], 'digits': [21]}
45 : {')': ['r13'], '+': [27], '-': [28]}
36 : {'S': [46], 'id': [7], 'if': [8], 'while': [9]}
46 : {'else': ['r9'], ';': ['r9'], '$': ['r9'], 'S': [11], 'id': [7], 'if': [8], 'while': [9]}
47 : {'S': [48], 'id': [7], 'if': [8], 'while': [9]}
48 : {'else': ['r8'], ';': ['r8'], '$': ['r8'], 'S': [11], 'id': [7], 'if': [8], 'while': [9]}
