=========================================================

      ___           ___           ___           ___       ___           ___     
     /\__\         /\  \         /\  \         /\__\     /\  \         /\  \    
    /:/  /        /::\  \       /::\  \       /:/  /    /::\  \       /::\  \   
   /:/  /        /:/\:\  \     /:/\:\  \     /:/  /    /:/\:\  \     /:/\ \  \  
  /:/__/  ___   /::\~\:\  \   /::\~\:\  \   /:/  /    /::\~\:\  \   _\:\~\ \  \ 
  |:|  | /\__\ /:/\:\ \:\__\ /:/\:\ \:\__\ /:/__/    /:/\:\ \:\__\ /\ \:\ \ \__\
  |:|  |/:/  / \/__\:\/:/  / \/__\:\/:/  / \:\  \    \/__\:\/:/  / \:\ \:\ \/__/
  |:|__/:/  /       \::/  /       \::/  /   \:\  \        \::/  /   \:\ \:\__\  
   \::::/__/        /:/  /        /:/  /     \:\  \       /:/  /     \:\/:/  /  
    ~~~~           /:/  /        /:/  /       \:\__\     /:/  /       \::/  /   
                   \/__/         \/__/         \/__/     \/__/         \/__/    
      ___       ___           ___           ___           ___                   
     /\__\     /\  \         |\__\         /\  \         /\  \                  
    /:/  /    /::\  \        |:|  |       /::\  \       /::\  \                 
   /:/  /    /:/\:\  \       |:|  |      /:/\:\  \     /:/\:\  \                
  /:/  /    /::\~\:\  \      |:|__|__   /::\~\:\  \   /::\~\:\  \               
 /:/__/    /:/\:\ \:\__\ ____/::::\__\ /:/\:\ \:\__\ /:/\:\ \:\__\              
 \:\  \    \:\~\:\ \/__/ \::::/~~/~    \:\~\:\ \/__/ \/_|::\/:/  /              
  \:\  \    \:\ \:\__\    ~~|:|~~|      \:\ \:\__\      |:|::/  /               
   \:\  \    \:\ \/__/      |:|  |       \:\ \/__/      |:|\/__/                
    \:\__\    \:\__\        |:|  |        \:\__\        |:|  |                  
     \/__/     \/__/         \|__|         \/__/         \|__|                  


=========================================================
=========================================================
symbolStacks: [$, D, id, ]
statusStacks: [0, 2, 7]
=========================================================
symbolStacks: [$, D, id, =, ]
statusStacks: [0, 2, 7, 12]
=========================================================
symbolStacks: [$, D, id, =, digits, ]
statusStacks: [0, 2, 7, 12, 21]
=========================================================
symbolStacks: [$, D, id, =, ]
statusStacks: [0, 2, 7, 12]
useReduce: {'F': ['digits']}
=========================================================
symbolStacks: [$, D, id, =, F, ]
statusStacks: [0, 2, 7, 12, 18]
useReduce: {'F': ['digits']}
=========================================================
symbolStacks: [$, D, id, =, ]
statusStacks: [0, 2, 7, 12]
useReduce: {'T': ['F']}
=========================================================
symbolStacks: [$, D, id, =, T, ]
statusStacks: [0, 2, 7, 12, 17]
useReduce: {'T': ['F']}
=========================================================
symbolStacks: [$, D, id, =, ]
statusStacks: [0, 2, 7, 12]
useReduce: {'E': ['T']}
=========================================================
symbolStacks: [$, D, id, =, E, ]
statusStacks: [0, 2, 7, 12, 16]
useReduce: {'E': ['T']}
=========================================================
symbolStacks: [$, D, id, =, E, ;, ]
statusStacks: [0, 2, 7, 12, 16, 26]
=========================================================
symbolStacks: [$, D, id, =, E, ;, ]
statusStacks: [0, 2, 7, 12, 16, 26]
=========================================================
symbolStacks: [$, D, id, =, E, ;, ]
statusStacks: [0, 2, 7, 12, 16, 26]
=========================================================
symbolStacks: [$, D, id, =, E, ;, ]
statusStacks: [0, 2, 7, 12, 16, 26]
=========================================================
symbolStacks: [$, D, id, =, E, ]
statusStacks: [0, 2, 7, 12, 16]
useReduce: {'S': ['id', '=', 'E', ';']}
=========================================================
symbolStacks: [$, D, id, =, ]
statusStacks: [0, 2, 7, 12]
useReduce: {'S': ['id', '=', 'E', ';']}
=========================================================
symbolStacks: [$, D, id, ]
statusStacks: [0, 2, 7]
useReduce: {'S': ['id', '=', 'E', ';']}
=========================================================
symbolStacks: [$, D, ]
statusStacks: [0, 2]
useReduce: {'S': ['id', '=', 'E', ';']}
=========================================================
symbolStacks: [$, D, S, ]
statusStacks: [0, 2, 6]
useReduce: {'S': ['id', '=', 'E', ';']}
=========================================================
symbolStacks: [$, D, S, ]
statusStacks: [0, 2, 6]
=========================================================
symbolStacks: [$, D, S, id, ]
statusStacks: [0, 2, 6, 7]
=========================================================
symbolStacks: [$, D, S, id, =, ]
statusStacks: [0, 2, 6, 7, 12]
=========================================================
symbolStacks: [$, D, S, id, =, (, ]
statusStacks: [0, 2, 6, 7, 12, 19]
=========================================================
symbolStacks: [$, D, S, id, =, (, id, ]
statusStacks: [0, 2, 6, 7, 12, 19, 20]
=========================================================
symbolStacks: [$, D, S, id, =, (, ]
statusStacks: [0, 2, 6, 7, 12, 19]
useReduce: {'F': ['id']}
=========================================================
symbolStacks: [$, D, S, id, =, (, F, ]
statusStacks: [0, 2, 6, 7, 12, 19, 18]
useReduce: {'F': ['id']}
=========================================================
symbolStacks: [$, D, S, id, =, (, ]
statusStacks: [0, 2, 6, 7, 12, 19]
useReduce: {'T': ['F']}
=========================================================
symbolStacks: [$, D, S, id, =, (, T, ]
statusStacks: [0, 2, 6, 7, 12, 19, 17]
useReduce: {'T': ['F']}
=========================================================
symbolStacks: [$, D, S, id, =, (, ]
statusStacks: [0, 2, 6, 7, 12, 19]
useReduce: {'E': ['T']}
=========================================================
symbolStacks: [$, D, S, id, =, (, E, ]
statusStacks: [0, 2, 6, 7, 12, 19, 31]
useReduce: {'E': ['T']}
=========================================================
symbolStacks: [$, D, S, id, =, (, E, +, ]
statusStacks: [0, 2, 6, 7, 12, 19, 31, 27]
=========================================================
symbolStacks: [$, D, S, id, =, (, E, +, id, ]
statusStacks: [0, 2, 6, 7, 12, 19, 31, 27, 20]
=========================================================
symbolStacks: [$, D, S, id, =, (, E, +, ]
statusStacks: [0, 2, 6, 7, 12, 19, 31, 27]
useReduce: {'F': ['id']}
=========================================================
symbolStacks: [$, D, S, id, =, (, E, +, F, ]
statusStacks: [0, 2, 6, 7, 12, 19, 31, 27, 18]
useReduce: {'F': ['id']}
=========================================================
symbolStacks: [$, D, S, id, =, (, E, +, ]
statusStacks: [0, 2, 6, 7, 12, 19, 31, 27]
useReduce: {'T': ['F']}
=========================================================
symbolStacks: [$, D, S, id, =, (, E, +, T, ]
statusStacks: [0, 2, 6, 7, 12, 19, 31, 27, 37]
useReduce: {'T': ['F']}
=========================================================
symbolStacks: [$, D, S, id, =, (, E, +, ]
statusStacks: [0, 2, 6, 7, 12, 19, 31, 27]
useReduce: {'E': ['E', '+', 'T']}
=========================================================
symbolStacks: [$, D, S, id, =, (, E, ]
statusStacks: [0, 2, 6, 7, 12, 19, 31]
useReduce: {'E': ['E', '+', 'T']}
=========================================================
symbolStacks: [$, D, S, id, =, (, ]
statusStacks: [0, 2, 6, 7, 12, 19]
useReduce: {'E': ['E', '+', 'T']}
=========================================================
symbolStacks: [$, D, S, id, =, (, E, ]
statusStacks: [0, 2, 6, 7, 12, 19, 31]
useReduce: {'E': ['E', '+', 'T']}
=========================================================
symbolStacks: [$, D, S, id, =, (, E, ), ]
statusStacks: [0, 2, 6, 7, 12, 19, 31, 41]
=========================================================
symbolStacks: [$, D, S, id, =, (, E, ]
statusStacks: [0, 2, 6, 7, 12, 19, 31]
useReduce: {'F': ['(', 'E', ')']}
=========================================================
symbolStacks: [$, D, S, id, =, (, ]
statusStacks: [0, 2, 6, 7, 12, 19]
useReduce: {'F': ['(', 'E', ')']}
=========================================================
symbolStacks: [$, D, S, id, =, ]
statusStacks: [0, 2, 6, 7, 12]
useReduce: {'F': ['(', 'E', ')']}
=========================================================
symbolStacks: [$, D, S, id, =, F, ]
statusStacks: [0, 2, 6, 7, 12, 18]
useReduce: {'F': ['(', 'E', ')']}
=========================================================
symbolStacks: [$, D, S, id, =, ]
statusStacks: [0, 2, 6, 7, 12]
useReduce: {'T': ['F']}
=========================================================
symbolStacks: [$, D, S, id, =, T, ]
statusStacks: [0, 2, 6, 7, 12, 17]
useReduce: {'T': ['F']}
=========================================================
symbolStacks: [$, D, S, id, =, T, *, ]
statusStacks: [0, 2, 6, 7, 12, 17, 29]
=========================================================
symbolStacks: [$, D, S, id, =, T, *, id, ]
statusStacks: [0, 2, 6, 7, 12, 17, 29, 20]
=========================================================
symbolStacks: [$, D, S, id, =, T, *, ]
statusStacks: [0, 2, 6, 7, 12, 17, 29]
useReduce: {'F': ['id']}
=========================================================
symbolStacks: [$, D, S, id, =, T, *, F, ]
statusStacks: [0, 2, 6, 7, 12, 17, 29, 39]
useReduce: {'F': ['id']}
=========================================================
symbolStacks: [$, D, S, id, =, T, *, ]
statusStacks: [0, 2, 6, 7, 12, 17, 29]
useReduce: {'T': ['T', '*', 'F']}
=========================================================
symbolStacks: [$, D, S, id, =, T, ]
statusStacks: [0, 2, 6, 7, 12, 17]
useReduce: {'T': ['T', '*', 'F']}
=========================================================
symbolStacks: [$, D, S, id, =, ]
statusStacks: [0, 2, 6, 7, 12]
useReduce: {'T': ['T', '*', 'F']}
=========================================================
symbolStacks: [$, D, S, id, =, T, ]
statusStacks: [0, 2, 6, 7, 12, 17]
useReduce: {'T': ['T', '*', 'F']}
=========================================================
symbolStacks: [$, D, S, id, =, T, /, ]
statusStacks: [0, 2, 6, 7, 12, 17, 30]
=========================================================
symbolStacks: [$, D, S, id, =, T, /, id, ]
statusStacks: [0, 2, 6, 7, 12, 17, 30, 20]
=========================================================
symbolStacks: [$, D, S, id, =, T, /, ]
statusStacks: [0, 2, 6, 7, 12, 17, 30]
useReduce: {'F': ['id']}
=========================================================
symbolStacks: [$, D, S, id, =, T, /, F, ]
statusStacks: [0, 2, 6, 7, 12, 17, 30, 40]
useReduce: {'F': ['id']}
=========================================================
symbolStacks: [$, D, S, id, =, T, /, ]
statusStacks: [0, 2, 6, 7, 12, 17, 30]
useReduce: {'T': ['T', '/', 'F']}
=========================================================
symbolStacks: [$, D, S, id, =, T, ]
statusStacks: [0, 2, 6, 7, 12, 17]
useReduce: {'T': ['T', '/', 'F']}
=========================================================
symbolStacks: [$, D, S, id, =, ]
statusStacks: [0, 2, 6, 7, 12]
useReduce: {'T': ['T', '/', 'F']}
=========================================================
symbolStacks: [$, D, S, id, =, T, ]
statusStacks: [0, 2, 6, 7, 12, 17]
useReduce: {'T': ['T', '/', 'F']}
=========================================================
symbolStacks: [$, D, S, id, =, ]
statusStacks: [0, 2, 6, 7, 12]
useReduce: {'E': ['T']}
=========================================================
symbolStacks: [$, D, S, id, =, E, ]
statusStacks: [0, 2, 6, 7, 12, 16]
useReduce: {'E': ['T']}
=========================================================
symbolStacks: [$, D, S, id, =, E, ;, ]
statusStacks: [0, 2, 6, 7, 12, 16, 26]
=========================================================
symbolStacks: [$, D, S, id, =, E, ]
statusStacks: [0, 2, 6, 7, 12, 16]
useReduce: {'S': ['id', '=', 'E', ';']}
=========================================================
symbolStacks: [$, D, S, id, =, ]
statusStacks: [0, 2, 6, 7, 12]
useReduce: {'S': ['id', '=', 'E', ';']}
=========================================================
symbolStacks: [$, D, S, id, ]
statusStacks: [0, 2, 6, 7]
useReduce: {'S': ['id', '=', 'E', ';']}
=========================================================
symbolStacks: [$, D, S, ]
statusStacks: [0, 2, 6]
useReduce: {'S': ['id', '=', 'E', ';']}
=========================================================
symbolStacks: [$, D, S, S, ]
statusStacks: [0, 2, 6, 11]
useReduce: {'S': ['id', '=', 'E', ';']}
=========================================================
symbolStacks: [$, D, S, ]
statusStacks: [0, 2, 6]
useReduce: {'S': ['S', 'S']}
=========================================================
symbolStacks: [$, D, ]
statusStacks: [0, 2]
useReduce: {'S': ['S', 'S']}
=========================================================
symbolStacks: [$, D, S, ]
statusStacks: [0, 2, 6]
useReduce: {'S': ['S', 'S']}
=========================================================
symbolStacks: [$, D, ]
statusStacks: [0, 2]
useReduce: {'P': ['D', 'S']}
=========================================================
symbolStacks: [$, ]
statusStacks: [0]
useReduce: {'P': ['D', 'S']}
=========================================================
symbolStacks: [$, P, ]
statusStacks: [0, 1]
useReduce: {'P': ['D', 'S']}
ACCEPT
=========================================================
symbolStacks: [$, P, ]
statusStacks: [0, 1]
OHHHHHH!
0 Warning, 0 Error, Great! Good to go.