0 [{'P_': ['.', 'P']}, {'P': ['.', 'M', 'D', 'S']}, {'M': ['.']}]
1 [{'P_': ['P', '.']}]
2 [{'P': ['M', '.', 'D', 'S']}, {'D': ['.']}, {'D': ['.', 'L', 'id', ';', 'N', 'D']}, {'L': ['.', 'int']}, {'L': ['.', 'float']}]
3 [{'P': ['M', 'D', '.', 'S']}, {'S': ['.', 'id', '=', 'E', ';']}, {'S': ['.', 'if', '(', 'C', ')', 'M', 'S']}, {'S': ['.', 'if', '(', 'C', ')', 'M', 'S', 'N', 'else', 'M', 'S']}, {'S': ['.', 'while', 'M', '(', 'C', ')', 'M', 'S']}, {'S': ['.', 'S', 'M', 'S']}]
4 [{'D': ['L', '.', 'id', ';', 'N', 'D']}]
5 [{'L': ['int', '.']}]
6 [{'L': ['float', '.']}]
7 [{'P': ['M', 'D', 'S', '.']}, {'S': ['S', '.', 'M', 'S']}, {'M': ['.']}]
8 [{'S': ['id', '.', '=', 'E', ';']}]
9 [{'S': ['if', '.', '(', 'C', ')', 'M', 'S']}, {'S': ['if', '.', '(', 'C', ')', 'M', 'S', 'N', 'else', 'M', 'S']}]
10 [{'S': ['while', '.', 'M', '(', 'C', ')', 'M', 'S']}, {'M': ['.']}]
11 [{'D': ['L', 'id', '.', ';', 'N', 'D']}]
12 [{'S': ['S', 'M', '.', 'S']}, {'S': ['.', 'id', '=', 'E', ';']}, {'S': ['.', 'if', '(', 'C', ')', 'M', 'S']}, {'S': ['.', 'if', '(', 'C', ')', 'M', 'S', 'N', 'else', 'M', 'S']}, {'S': ['.', 'while', 'M', '(', 'C', ')', 'M', 'S']}, {'S': ['.', 'S', 'M', 'S']}]
13 [{'S': ['id', '=', '.', 'E', ';']}, {'E': ['.', 'E', '+', 'T']}, {'E': ['.', 'E', '-', 'T']}, {'E': ['.', 'T']}, {'T': ['.', 'F']}, {'T': ['.', 'T', '*', 'F']}, {'T': ['.', 'T', '/', 'F']}, {'F': ['.', '(', 'E', ')']}, {'F': ['.', 'id']}, {'F': ['.', 'digits']}]
14 [{'S': ['if', '(', '.', 'C', ')', 'M', 'S']}, {'S': ['if', '(', '.', 'C', ')', 'M', 'S', 'N', 'else', 'M', 'S']}, {'C': ['.', 'E', '>', 'E']}, {'C': ['.', 'E', '<', 'E']}, {'C': ['.', 'E', '==', 'E']}, {'C': ['.', 'E', '>', 'E']}, {'C': ['.', 'E', '<', 'E']}, {'C': ['.', 'E', '==', 'E']}, {'E': ['.', 'E', '+', 'T']}, {'E': ['.', 'E', '-', 'T']}, {'E': ['.', 'T']}, {'E': ['.', 'E', '+', 'T']}, {'E': ['.', 'E', '-', 'T']}, {'E': ['.', 'T']}, {'E': ['.', 'E', '+', 'T']}, {'E': ['.', 'E', '-', 'T']}, {'E': ['.', 'T']}, {'E': ['.', 'E', '+', 'T']}, {'E': ['.', 'E', '-', 'T']}, {'E': ['.', 'T']}, {'E': ['.', 'E', '+', 'T']}, {'E': ['.', 'E', '-', 'T']}, {'E': ['.', 'T']}, {'E': ['.', 'E', '+', 'T']}, {'E': ['.', 'E', '-', 'T']}, {'E': ['.', 'T']}, {'T': ['.', 'F']}, {'T': ['.', 'T', '*', 'F']}, {'T': ['.', 'T', '/', 'F']}, {'T': ['.', 'F']}, {'T': ['.', 'T', '*', 'F']}, {'T': ['.', 'T', '/', 'F']}, {'T': ['.', 'F']}, {'T': ['.', 'T', '*', 'F']}, {'T': ['.', 'T', '/', 'F']}, {'T': ['.', 'F']}, {'T': ['.', 'T', '*', 'F']}, {'T': ['.', 'T', '/', 'F']}, {'T': ['.', 'F']}, {'T': ['.', 'T', '*', 'F']}, {'T': ['.', 'T', '/', 'F']}, {'T': ['.', 'F']}, {'T': ['.', 'T', '*', 'F']}, {'T': ['.', 'T', '/', 'F']}, {'F': ['.', '(', 'E', ')']}, {'F': ['.', 'id']}, {'F': ['.', 'digits']}, {'F': ['.', '(', 'E', ')']}, {'F': ['.', 'id']}, {'F': ['.', 'digits']}, {'F': ['.', '(', 'E', ')']}, {'F': ['.', 'id']}, {'F': ['.', 'digits']}, {'F': ['.', '(', 'E', ')']}, {'F': ['.', 'id']}, {'F': ['.', 'digits']}, {'F': ['.', '(', 'E', ')']}, {'F': ['.', 'id']}, {'F': ['.', 'digits']}, {'F': ['.', '(', 'E', ')']}, {'F': ['.', 'id']}, {'F': ['.', 'digits']}]
15 [{'S': ['while', 'M', '.', '(', 'C', ')', 'M', 'S']}]
16 [{'D': ['L', 'id', ';', '.', 'N', 'D']}, {'N': ['.']}]
17 [{'S': ['S', 'M', 'S', '.']}, {'S': ['S', '.', 'M', 'S']}, {'M': ['.']}]
18 [{'S': ['id', '=', 'E', '.', ';']}, {'E': ['E', '.', '+', 'T']}, {'E': ['E', '.', '-', 'T']}]
19 [{'E': ['T', '.']}, {'T': ['T', '.', '*', 'F']}, {'T': ['T', '.', '/', 'F']}]
20 [{'T': ['F', '.']}]
21 [{'F': ['(', '.', 'E', ')']}, {'E': ['.', 'E', '+', 'T']}, {'E': ['.', 'E', '-', 'T']}, {'E': ['.', 'T']}, {'T': ['.', 'F']}, {'T': ['.', 'T', '*', 'F']}, {'T': ['.', 'T', '/', 'F']}, {'F': ['.', '(', 'E', ')']}, {'F': ['.', 'id']}, {'F': ['.', 'digits']}]
22 [{'F': ['id', '.']}]
23 [{'F': ['digits', '.']}]
24 [{'S': ['if', '(', 'C', '.', ')', 'M', 'S']}, {'S': ['if', '(', 'C', '.', ')', 'M', 'S', 'N', 'else', 'M', 'S']}]
25 [{'C': ['E', '.', '>', 'E']}, {'C': ['E', '.', '<', 'E']}, {'C': ['E', '.', '==', 'E']}, {'E': ['E', '.', '+', 'T']}, {'E': ['E', '.', '-', 'T']}]
26 [{'S': ['while', 'M', '(', '.', 'C', ')', 'M', 'S']}, {'C': ['.', 'E', '>', 'E']}, {'C': ['.', 'E', '<', 'E']}, {'C': ['.', 'E', '==', 'E']}, {'E': ['.', 'E', '+', 'T']}, {'E': ['.', 'E', '-', 'T']}, {'E': ['.', 'T']}, {'E': ['.', 'E', '+', 'T']}, {'E': ['.', 'E', '-', 'T']}, {'E': ['.', 'T']}, {'E': ['.', 'E', '+', 'T']}, {'E': ['.', 'E', '-', 'T']}, {'E': ['.', 'T']}, {'T': ['.', 'F']}, {'T': ['.', 'T', '*', 'F']}, {'T': ['.', 'T', '/', 'F']}, {'T': ['.', 'F']}, {'T': ['.', 'T', '*', 'F']}, {'T': ['.', 'T', '/', 'F']}, {'T': ['.', 'F']}, {'T': ['.', 'T', '*', 'F']}, {'T': ['.', 'T', '/', 'F']}, {'F': ['.', '(', 'E', ')']}, {'F': ['.', 'id']}, {'F': ['.', 'digits']}, {'F': ['.', '(', 'E', ')']}, {'F': ['.', 'id']}, {'F': ['.', 'digits']}, {'F': ['.', '(', 'E', ')']}, {'F': ['.', 'id']}, {'F': ['.', 'digits']}]
27 [{'D': ['L', 'id', ';', 'N', '.', 'D']}, {'D': ['.']}, {'D': ['.', 'L', 'id', ';', 'N', 'D']}, {'L': ['.', 'int']}, {'L': ['.', 'float']}]
28 [{'S': ['id', '=', 'E', ';', '.']}]
29 [{'E': ['E', '+', '.', 'T']}, {'T': ['.', 'F']}, {'T': ['.', 'T', '*', 'F']}, {'T': ['.', 'T', '/', 'F']}, {'F': ['.', '(', 'E', ')']}, {'F': ['.', 'id']}, {'F': ['.', 'digits']}]
30 [{'E': ['E', '-', '.', 'T']}, {'T': ['.', 'F']}, {'T': ['.', 'T', '*', 'F']}, {'T': ['.', 'T', '/', 'F']}, {'F': ['.', '(', 'E', ')']}, {'F': ['.', 'id']}, {'F': ['.', 'digits']}]
31 [{'T': ['T', '*', '.', 'F']}, {'F': ['.', '(', 'E', ')']}, {'F': ['.', 'id']}, {'F': ['.', 'digits']}]
32 [{'T': ['T', '/', '.', 'F']}, {'F': ['.', '(', 'E', ')']}, {'F': ['.', 'id']}, {'F': ['.', 'digits']}]
33 [{'F': ['(', 'E', '.', ')']}, {'E': ['E', '.', '+', 'T']}, {'E': ['E', '.', '-', 'T']}]
34 [{'S': ['if', '(', 'C', ')', '.', 'M', 'S']}, {'S': ['if', '(', 'C', ')', '.', 'M', 'S', 'N', 'else', 'M', 'S']}, {'M': ['.']}, {'M': ['.']}]
35 [{'C': ['E', '>', '.', 'E']}, {'E': ['.', 'E', '+', 'T']}, {'E': ['.', 'E', '-', 'T']}, {'E': ['.', 'T']}, {'T': ['.', 'F']}, {'T': ['.', 'T', '*', 'F']}, {'T': ['.', 'T', '/', 'F']}, {'F': ['.', '(', 'E', ')']}, {'F': ['.', 'id']}, {'F': ['.', 'digits']}]
36 [{'C': ['E', '<', '.', 'E']}, {'E': ['.', 'E', '+', 'T']}, {'E': ['.', 'E', '-', 'T']}, {'E': ['.', 'T']}, {'T': ['.', 'F']}, {'T': ['.', 'T', '*', 'F']}, {'T': ['.', 'T', '/', 'F']}, {'F': ['.', '(', 'E', ')']}, {'F': ['.', 'id']}, {'F': ['.', 'digits']}]
37 [{'C': ['E', '==', '.', 'E']}, {'E': ['.', 'E', '+', 'T']}, {'E': ['.', 'E', '-', 'T']}, {'E': ['.', 'T']}, {'T': ['.', 'F']}, {'T': ['.', 'T', '*', 'F']}, {'T': ['.', 'T', '/', 'F']}, {'F': ['.', '(', 'E', ')']}, {'F': ['.', 'id']}, {'F': ['.', 'digits']}]
38 [{'S': ['while', 'M', '(', 'C', '.', ')', 'M', 'S']}]
39 [{'D': ['L', 'id', ';', 'N', 'D', '.']}]
40 [{'E': ['E', '+', 'T', '.']}, {'T': ['T', '.', '*', 'F']}, {'T': ['T', '.', '/', 'F']}]
41 [{'E': ['E', '-', 'T', '.']}, {'T': ['T', '.', '*', 'F']}, {'T': ['T', '.', '/', 'F']}]
42 [{'T': ['T', '*', 'F', '.']}]
43 [{'T': ['T', '/', 'F', '.']}]
44 [{'F': ['(', 'E', ')', '.']}]
45 [{'S': ['if', '(', 'C', ')', 'M', '.', 'S']}, {'S': ['if', '(', 'C', ')', 'M', '.', 'S', 'N', 'else', 'M', 'S']}, {'S': ['.', 'id', '=', 'E', ';']}, {'S': ['.', 'if', '(', 'C', ')', 'M', 'S']}, {'S': ['.', 'if', '(', 'C', ')', 'M', 'S', 'N', 'else', 'M', 'S']}, {'S': ['.', 'while', 'M', '(', 'C', ')', 'M', 'S']}, {'S': ['.', 'S', 'M', 'S']}, {'S': ['.', 'id', '=', 'E', ';']}, {'S': ['.', 'if', '(', 'C', ')', 'M', 'S']}, {'S': ['.', 'if', '(', 'C', ')', 'M', 'S', 'N', 'else', 'M', 'S']}, {'S': ['.', 'while', 'M', '(', 'C', ')', 'M', 'S']}, {'S': ['.', 'S', 'M', 'S']}]
46 [{'C': ['E', '>', 'E', '.']}, {'E': ['E', '.', '+', 'T']}, {'E': ['E', '.', '-', 'T']}]
47 [{'C': ['E', '<', 'E', '.']}, {'E': ['E', '.', '+', 'T']}, {'E': ['E', '.', '-', 'T']}]
48 [{'C': ['E', '==', 'E', '.']}, {'E': ['E', '.', '+', 'T']}, {'E': ['E', '.', '-', 'T']}]
49 [{'S': ['while', 'M', '(', 'C', ')', '.', 'M', 'S']}, {'M': ['.']}]
50 [{'S': ['if', '(', 'C', ')', 'M', 'S', '.']}, {'S': ['if', '(', 'C', ')', 'M', 'S', '.', 'N', 'else', 'M', 'S']}, {'S': ['S', '.', 'M', 'S']}, {'N': ['.']}, {'M': ['.']}]
51 [{'S': ['while', 'M', '(', 'C', ')', 'M', '.', 'S']}, {'S': ['.', 'id', '=', 'E', ';']}, {'S': ['.', 'if', '(', 'C', ')', 'M', 'S']}, {'S': ['.', 'if', '(', 'C', ')', 'M', 'S', 'N', 'else', 'M', 'S']}, {'S': ['.', 'while', 'M', '(', 'C', ')', 'M', 'S']}, {'S': ['.', 'S', 'M', 'S']}]
52 [{'S': ['if', '(', 'C', ')', 'M', 'S', 'N', '.', 'else', 'M', 'S']}]
53 [{'S': ['while', 'M', '(', 'C', ')', 'M', 'S', '.']}, {'S': ['S', '.', 'M', 'S']}, {'M': ['.']}]
54 [{'S': ['if', '(', 'C', ')', 'M', 'S', 'N', 'else', '.', 'M', 'S']}, {'M': ['.']}]
55 [{'S': ['if', '(', 'C', ')', 'M', 'S', 'N', 'else', 'M', '.', 'S']}, {'S': ['.', 'id', '=', 'E', ';']}, {'S': ['.', 'if', '(', 'C', ')', 'M', 'S']}, {'S': ['.', 'if', '(', 'C', ')', 'M', 'S', 'N', 'else', 'M', 'S']}, {'S': ['.', 'while', 'M', '(', 'C', ')', 'M', 'S']}, {'S': ['.', 'S', 'M', 'S']}]
56 [{'S': ['if', '(', 'C', ')', 'M', 'S', 'N', 'else', 'M', 'S', '.']}, {'S': ['S', '.', 'M', 'S']}, {'M': ['.']}]
