["Keyword", "int", {"line": 1, "cur": 5}]
["id", "0", {"line": 1, "cur": 7}]
["OP", ";", {"line": 2, "cur": 1}]
["Keyword", "int", {"line": 2, "cur": 5}]
["id", "1", {"line": 2, "cur": 7}]
["OP", ";", {"line": 3, "cur": 1}]
["Keyword", "int", {"line": 3, "cur": 5}]
["id", "2", {"line": 3, "cur": 7}]
["OP", ";", {"line": 4, "cur": 1}]
["id", "0", {"line": 4, "cur": 3}]
["OP", "=", {"line": 4, "cur": 5}]
["digits", "3", {"line": 4, "cur": 7}]
["OP", ";", {"line": 5, "cur": 1}]
["id", "1", {"line": 5, "cur": 3}]
["OP", "=", {"line": 5, "cur": 5}]
["digits", "4", {"line": 5, "cur": 7}]
["OP", ";", {"line": 6, "cur": 1}]
["Keyword", "if", {"line": 6, "cur": 4}]
["OP", "(", {"line": 6, "cur": 5}]
["id", "0", {"line": 6, "cur": 7}]
["OP", ">", {"line": 6, "cur": 9}]
["id", "1", {"line": 6, "cur": 11}]
["OP", ")", {"line": 7, "cur": 1}]
["id", "2", {"line": 7, "cur": 4}]
["OP", "=", {"line": 7, "cur": 6}]
["id", "0", {"line": 7, "cur": 8}]
["OP", "+", {"line": 7, "cur": 9}]
["id", "1", {"line": 7, "cur": 12}]
["OP", ";", {"line": 8, "cur": 1}]
["Keyword", "else", {"line": 9, "cur": 1}]
["id", "2", {"line": 9, "cur": 4}]
["OP", "=", {"line": 9, "cur": 6}]
["id", "0", {"line": 9, "cur": 8}]
["OP", "-", {"line": 9, "cur": 9}]
["id", "1", {"line": 9, "cur": 12}]
["OP", ";", {"line": 9, "cur": 13}]
